<?xml version="1.0" encoding="UTF-8"?>
<!-- Generated by org.testng.reporters.JUnitReportReporter -->
<testsuite skipped="0" hostname="Johnsy" name="com.actitime.testscript.CustomerModule" tests="1" failures="0" timestamp="2023-01-24T20:31:41 IST" time="24.369" errors="0">
  <testcase name="testCreateCustomer" time="24.369" classname="com.actitime.testscript.CustomerModule"/>
  <system-out/>
</testsuite> <!-- com.actitime.testscript.CustomerModule -->
